[debug] [2021-11-05T07:36:57.034Z] ----------------------------------------------------------------------
[debug] [2021-11-05T07:36:57.036Z] Command:       C:\Program Files\nodejs\node.exe C:\Users\RANDY\AppData\Roaming\npm\node_modules\firebase-tools\lib\bin\firebase.js emulators:start
[debug] [2021-11-05T07:36:57.037Z] CLI Version:   9.16.6
[debug] [2021-11-05T07:36:57.037Z] Platform:      win32
[debug] [2021-11-05T07:36:57.037Z] Node Version:  v14.15.0
[debug] [2021-11-05T07:36:57.038Z] Time:          Fri Nov 05 2021 07:36:57 GMT+0000 (Greenwich Mean Time)
[debug] [2021-11-05T07:36:57.038Z] ----------------------------------------------------------------------
[debug] 
[debug] [2021-11-05T07:36:57.040Z] >>> [apiv2][query] GET https://firebase-public.firebaseio.com/cli.json [none]
[debug] [2021-11-05T07:36:57.114Z] > command requires scopes: ["email","openid","https://www.googleapis.com/auth/cloudplatformprojects.readonly","https://www.googleapis.com/auth/firebase","https://www.googleapis.com/auth/cloud-platform"]
[debug] [2021-11-05T07:36:57.114Z] > authorizing via signed-in user (randyodoom19@gmail.com)
[info] i  emulators: Starting emulators: functions, hosting {"metadata":{"emulator":{"name":"hub"},"message":"Starting emulators: functions, hosting"}}
[debug] [2021-11-05T07:36:57.140Z] [hub] writing locator at C:\Users\RANDY\AppData\Local\Temp\hub-clone-6f9a2.json
[warn] !  functions: The following emulators are not running, calls to these services from the Functions emulator will affect production: auth, firestore, database, pubsub, storage {"metadata":{"emulator":{"name":"functions"},"message":"The following emulators are not running, calls to these services from the Functions emulator will affect production: \u001b[1mauth, firestore, database, pubsub, storage\u001b[22m"}}
[warn] !  Your requested "node" version "12" doesn't match your global version "14" {"metadata":{"emulator":{"name":"functions"},"message":"Your requested \"node\" version \"12\" doesn't match your global version \"14\""}}
[debug] [2021-11-05T07:37:08.174Z] defaultcredentials: writing to file C:\Users\RANDY\AppData\Roaming\firebase\randyodoom19_gmail_com_application_default_credentials.json
[debug] [2021-11-05T07:37:08.177Z] Setting GAC to C:\Users\RANDY\AppData\Roaming\firebase\randyodoom19_gmail_com_application_default_credentials.json {"metadata":{"emulator":{"name":"functions"},"message":"Setting GAC to C:\\Users\\RANDY\\AppData\\Roaming\\firebase\\randyodoom19_gmail_com_application_default_credentials.json"}}
[debug] [2021-11-05T07:37:08.180Z] > refreshing access token with scopes: []
[debug] [2021-11-05T07:37:08.181Z] >>> HTTP REQUEST POST https://www.googleapis.com/oauth2/v3/token  
 <request body omitted>
[debug] [2021-11-05T07:37:08.185Z] Failed to get Admin SDK config for clone-6f9a2, falling back to cache Failed to get Admin SDK for Firebase project clone-6f9a2. Please make sure the project exists and your account has permission to access it. {"name":"FirebaseError","children":[],"exit":2,"message":"Failed to get Admin SDK for Firebase project clone-6f9a2. Please make sure the project exists and your account has permission to access it.","original":{"name":"FirebaseError","children":[],"exit":1,"message":"Authentication Error: Your credentials are no longer valid. Please run \u001b[1mfirebase login --reauth\u001b[22m\n\nFor CI servers and headless environments, generate a new token with \u001b[1mfirebase login:ci\u001b[22m","status":500},"status":500}
[warn] !  functions: Unable to fetch project Admin SDK configuration, Admin SDK behavior in Cloud Functions emulator may be incorrect. {"metadata":{"emulator":{"name":"functions"},"message":"Unable to fetch project Admin SDK configuration, Admin SDK behavior in Cloud Functions emulator may be incorrect."}}
[debug] [2021-11-05T07:37:08.197Z] > refreshing access token with scopes: []
[debug] [2021-11-05T07:37:08.197Z] >>> HTTP REQUEST POST https://www.googleapis.com/oauth2/v3/token  
 <request body omitted>
[debug] [2021-11-05T07:37:08.200Z] Failed to list hosting sites
[debug] Authentication Error: Your credentials are no longer valid. Please run firebase login --reauth

For CI servers and headless environments, generate a new token with firebase login:ci
[debug] [2021-11-05T07:37:08.200Z] > refreshing access token with scopes: []
[debug] [2021-11-05T07:37:08.200Z] >>> HTTP REQUEST POST https://www.googleapis.com/oauth2/v3/token  
 <request body omitted>
[debug] [2021-11-05T07:37:08.201Z] fetchWebSetup error: FirebaseError: Authentication Error: Your credentials are no longer valid. Please run firebase login --reauth

For CI servers and headless environments, generate a new token with firebase login:ci
[warn] !  hosting: Using web app configuration from cache. 
[info] i  hosting: Serving hosting files from: build {"metadata":{"emulator":{"name":"hosting"},"message":"Serving hosting files from: \u001b[1mbuild\u001b[22m"}}
[info] +  hosting: Local server: http://localhost:5000 {"metadata":{"emulator":{"name":"hosting"},"message":"Local server: \u001b[4m\u001b[1mhttp://localhost:5000\u001b[22m\u001b[24m"}}
[debug] [2021-11-05T07:37:08.233Z] Ignoring unsupported arg: auto_download {"metadata":{"emulator":{"name":"ui"},"message":"Ignoring unsupported arg: auto_download"}}
[debug] [2021-11-05T07:37:08.233Z] Ignoring unsupported arg: port {"metadata":{"emulator":{"name":"ui"},"message":"Ignoring unsupported arg: port"}}
[debug] [2021-11-05T07:37:08.233Z] Starting Emulator UI with command {"binary":"node","args":["C:\\Users\\RANDY\\.cache\\firebase\\emulators\\ui-v1.6.2\\server.bundle.js"],"optionalArgs":[],"joinArgs":false} {"metadata":{"emulator":{"name":"ui"},"message":"Starting Emulator UI with command {\"binary\":\"node\",\"args\":[\"C:\\\\Users\\\\RANDY\\\\.cache\\\\firebase\\\\emulators\\\\ui-v1.6.2\\\\server.bundle.js\"],\"optionalArgs\":[],\"joinArgs\":false}"}}
[info] i  ui: Emulator UI logging to ui-debug.log {"metadata":{"emulator":{"name":"ui"},"message":"Emulator UI logging to \u001b[1mui-debug.log\u001b[22m"}}
[debug] [2021-11-05T07:37:08.353Z] Web / API server started at localhost:4000
 {"metadata":{"emulator":{"name":"ui"},"message":"Web / API server started at localhost:4000\n"}}
[info] i  functions: Watching "D:\Amazon Clone\amazon\functions" for Cloud Functions... {"metadata":{"emulator":{"name":"functions"},"message":"Watching \"D:\\Amazon Clone\\amazon\\functions\" for Cloud Functions..."}}
[debug] [2021-11-05T07:37:08.587Z] [worker-pool] addWorker(~diagnostic~) {"metadata":{"emulator":{"name":"functions"},"message":"[worker-pool] addWorker(~diagnostic~)"}}
[debug] [2021-11-05T07:37:08.588Z] [worker-pool] Adding worker with key ~diagnostic~, total=1 {"metadata":{"emulator":{"name":"functions"},"message":"[worker-pool] Adding worker with key ~diagnostic~, total=1"}}
[debug] [2021-11-05T07:37:08.588Z] [worker-pool] submitWork(triggerId=) {"metadata":{"emulator":{"name":"functions"},"message":"[worker-pool] submitWork(triggerId=)"}}
[debug] [2021-11-05T07:37:08.589Z] [worker-~diagnostic~-585cfa57-d72b-4284-b46e-02ecdcf5abe8]: Assigning socketPath: \\?\pipe\D:\Amazon Clone\amazon\functions\24172 {"metadata":{"emulator":{"name":"functions"},"message":"[worker-~diagnostic~-585cfa57-d72b-4284-b46e-02ecdcf5abe8]: Assigning socketPath: \\\\?\\pipe\\D:\\Amazon Clone\\amazon\\functions\\24172"}}
[debug] [2021-11-05T07:37:08.589Z] [worker-~diagnostic~-585cfa57-d72b-4284-b46e-02ecdcf5abe8]: BUSY {"metadata":{"emulator":{"name":"functions"},"message":"[worker-~diagnostic~-585cfa57-d72b-4284-b46e-02ecdcf5abe8]: BUSY"}}
[debug] [2021-11-05T07:37:09.016Z] [runtime-status] [24172] Functions runtime initialized. {"cwd":"D:\\Amazon Clone\\amazon\\functions","node_version":"14.15.0"} {"metadata":{"emulator":{"name":"functions"},"message":"[runtime-status] [24172] Functions runtime initialized. {\"cwd\":\"D:\\\\Amazon Clone\\\\amazon\\\\functions\",\"node_version\":\"14.15.0\"}"}}
[debug] [2021-11-05T07:37:09.021Z] [runtime-status] [24172] Disabled runtime features: undefined {"metadata":{"emulator":{"name":"functions"},"message":"[runtime-status] [24172] Disabled runtime features: undefined"}}
[debug] [2021-11-05T07:37:09.027Z] [runtime-status] [24172] Resolved module firebase-admin {"declared":true,"installed":true,"version":"9.4.2","resolution":"D:\\Amazon Clone\\amazon\\functions\\node_modules\\firebase-admin\\lib\\index.js"} {"metadata":{"emulator":{"name":"functions"},"message":"[runtime-status] [24172] Resolved module firebase-admin {\"declared\":true,\"installed\":true,\"version\":\"9.4.2\",\"resolution\":\"D:\\\\Amazon Clone\\\\amazon\\\\functions\\\\node_modules\\\\firebase-admin\\\\lib\\\\index.js\"}"}}
[debug] [2021-11-05T07:37:09.028Z] [runtime-status] [24172] Resolved module firebase-functions {"declared":true,"installed":true,"version":"3.13.0","resolution":"D:\\Amazon Clone\\amazon\\functions\\node_modules\\firebase-functions\\lib\\index.js"} {"metadata":{"emulator":{"name":"functions"},"message":"[runtime-status] [24172] Resolved module firebase-functions {\"declared\":true,\"installed\":true,\"version\":\"3.13.0\",\"resolution\":\"D:\\\\Amazon Clone\\\\amazon\\\\functions\\\\node_modules\\\\firebase-functions\\\\lib\\\\index.js\"}"}}
[debug] [2021-11-05T07:37:09.030Z] [runtime-status] [24172] Resolved module firebase-functions {"declared":true,"installed":true,"version":"3.13.0","resolution":"D:\\Amazon Clone\\amazon\\functions\\node_modules\\firebase-functions\\lib\\index.js"} {"metadata":{"emulator":{"name":"functions"},"message":"[runtime-status] [24172] Resolved module firebase-functions {\"declared\":true,\"installed\":true,\"version\":\"3.13.0\",\"resolution\":\"D:\\\\Amazon Clone\\\\amazon\\\\functions\\\\node_modules\\\\firebase-functions\\\\lib\\\\index.js\"}"}}
[debug] [2021-11-05T07:37:09.032Z] [runtime-status] [24172] Outgoing network have been stubbed. [{"name":"http","status":"mocked"},{"name":"http","status":"mocked"},{"name":"https","status":"mocked"},{"name":"https","status":"mocked"},{"name":"net","status":"mocked"}] {"metadata":{"emulator":{"name":"functions"},"message":"[runtime-status] [24172] Outgoing network have been stubbed. [{\"name\":\"http\",\"status\":\"mocked\"},{\"name\":\"http\",\"status\":\"mocked\"},{\"name\":\"https\",\"status\":\"mocked\"},{\"name\":\"https\",\"status\":\"mocked\"},{\"name\":\"net\",\"status\":\"mocked\"}]"}}
[debug] [2021-11-05T07:37:09.034Z] [runtime-status] [24172] Resolved module firebase-functions {"declared":true,"installed":true,"version":"3.13.0","resolution":"D:\\Amazon Clone\\amazon\\functions\\node_modules\\firebase-functions\\lib\\index.js"} {"metadata":{"emulator":{"name":"functions"},"message":"[runtime-status] [24172] Resolved module firebase-functions {\"declared\":true,\"installed\":true,\"version\":\"3.13.0\",\"resolution\":\"D:\\\\Amazon Clone\\\\amazon\\\\functions\\\\node_modules\\\\firebase-functions\\\\lib\\\\index.js\"}"}}
[debug] [2021-11-05T07:37:09.071Z] [runtime-status] [24172] Checked functions.config() {"config":{}} {"metadata":{"emulator":{"name":"functions"},"message":"[runtime-status] [24172] Checked functions.config() {\"config\":{}}"}}
[debug] [2021-11-05T07:37:09.071Z] [runtime-status] [24172] firebase-functions has been stubbed. {"functionsResolution":{"declared":true,"installed":true,"version":"3.13.0","resolution":"D:\\Amazon Clone\\amazon\\functions\\node_modules\\firebase-functions\\lib\\index.js"}} {"metadata":{"emulator":{"name":"functions"},"message":"[runtime-status] [24172] firebase-functions has been stubbed. {\"functionsResolution\":{\"declared\":true,\"installed\":true,\"version\":\"3.13.0\",\"resolution\":\"D:\\\\Amazon Clone\\\\amazon\\\\functions\\\\node_modules\\\\firebase-functions\\\\lib\\\\index.js\"}}"}}
[debug] [2021-11-05T07:37:09.072Z] [runtime-status] [24172] Resolved module firebase-functions {"declared":true,"installed":true,"version":"3.13.0","resolution":"D:\\Amazon Clone\\amazon\\functions\\node_modules\\firebase-functions\\lib\\index.js"} {"metadata":{"emulator":{"name":"functions"},"message":"[runtime-status] [24172] Resolved module firebase-functions {\"declared\":true,\"installed\":true,\"version\":\"3.13.0\",\"resolution\":\"D:\\\\Amazon Clone\\\\amazon\\\\functions\\\\node_modules\\\\firebase-functions\\\\lib\\\\index.js\"}"}}
[debug] [2021-11-05T07:37:09.073Z] [runtime-status] [24172] Resolved module firebase-admin {"declared":true,"installed":true,"version":"9.4.2","resolution":"D:\\Amazon Clone\\amazon\\functions\\node_modules\\firebase-admin\\lib\\index.js"} {"metadata":{"emulator":{"name":"functions"},"message":"[runtime-status] [24172] Resolved module firebase-admin {\"declared\":true,\"installed\":true,\"version\":\"9.4.2\",\"resolution\":\"D:\\\\Amazon Clone\\\\amazon\\\\functions\\\\node_modules\\\\firebase-admin\\\\lib\\\\index.js\"}"}}
[debug] [2021-11-05T07:37:09.074Z] [runtime-status] [24172] Resolved module firebase-functions {"declared":true,"installed":true,"version":"3.13.0","resolution":"D:\\Amazon Clone\\amazon\\functions\\node_modules\\firebase-functions\\lib\\index.js"} {"metadata":{"emulator":{"name":"functions"},"message":"[runtime-status] [24172] Resolved module firebase-functions {\"declared\":true,\"installed\":true,\"version\":\"3.13.0\",\"resolution\":\"D:\\\\Amazon Clone\\\\amazon\\\\functions\\\\node_modules\\\\firebase-functions\\\\lib\\\\index.js\"}"}}
[debug] [2021-11-05T07:37:09.074Z] [runtime-status] [24172] firebase-admin has been stubbed. {"adminResolution":{"declared":true,"installed":true,"version":"9.4.2","resolution":"D:\\Amazon Clone\\amazon\\functions\\node_modules\\firebase-admin\\lib\\index.js"}} {"metadata":{"emulator":{"name":"functions"},"message":"[runtime-status] [24172] firebase-admin has been stubbed. {\"adminResolution\":{\"declared\":true,\"installed\":true,\"version\":\"9.4.2\",\"resolution\":\"D:\\\\Amazon Clone\\\\amazon\\\\functions\\\\node_modules\\\\firebase-admin\\\\lib\\\\index.js\"}}"}}
[info] +  functions[us-central1-api]: http function initialized (http://localhost:5001/clone-6f9a2/us-central1/api). {"metadata":{"emulator":{"name":"functions"},"message":"\u001b[1mhttp\u001b[22m function initialized (http://localhost:5001/clone-6f9a2/us-central1/api)."}}
[info] 
┌─────────────────────────────────────────────────────────────┐
│ ✔  All emulators ready! It is now safe to connect your app. │
│ i  View Emulator UI at http://localhost:4000                │
└─────────────────────────────────────────────────────────────┘

┌───────────┬────────────────┬─────────────────────────────────┐
│ Emulator  │ Host:Port      │ View in Emulator UI             │
├───────────┼────────────────┼─────────────────────────────────┤
│ Functions │ localhost:5001 │ http://localhost:4000/functions │
├───────────┼────────────────┼─────────────────────────────────┤
│ Hosting   │ localhost:5000 │ n/a                             │
└───────────┴────────────────┴─────────────────────────────────┘
  Emulator Hub running at localhost:4400
  Other reserved ports: 4500

Issues? Report them at https://github.com/firebase/firebase-tools/issues and attach the *-debug.log files.
 
[debug] [2021-11-05T07:37:09.228Z] [worker-~diagnostic~-585cfa57-d72b-4284-b46e-02ecdcf5abe8]: IDLE {"metadata":{"emulator":{"name":"functions"},"message":"[worker-~diagnostic~-585cfa57-d72b-4284-b46e-02ecdcf5abe8]: IDLE"}}
[debug] [2021-11-05T07:37:25.379Z] [work-queue] {"queueLength":1,"workRunningCount":0}
[debug] [2021-11-05T07:37:25.380Z] [work-queue] {"queueLength":0,"workRunningCount":1}
[debug] [2021-11-05T07:37:25.381Z] Accepted request POST /clone-6f9a2/us-central1/api/payments/create?total=100 --> us-central1-api
[debug] [2021-11-05T07:37:25.393Z] [worker-pool] addWorker(us-central1-api) {"metadata":{"emulator":{"name":"functions"},"message":"[worker-pool] addWorker(us-central1-api)"}}
[debug] [2021-11-05T07:37:25.393Z] [worker-pool] Adding worker with key us-central1-api, total=1 {"metadata":{"emulator":{"name":"functions"},"message":"[worker-pool] Adding worker with key us-central1-api, total=1"}}
[debug] [2021-11-05T07:37:25.393Z] [worker-pool] submitWork(triggerId=us-central1-api) {"metadata":{"emulator":{"name":"functions"},"message":"[worker-pool] submitWork(triggerId=us-central1-api)"}}
[debug] [2021-11-05T07:37:25.394Z] [worker-us-central1-api-f246f9a5-9cb1-4c8c-8816-e298a2c83ca9]: Assigning socketPath: \\?\pipe\D:\Amazon Clone\amazon\functions\4436 {"metadata":{"emulator":{"name":"functions"},"message":"[worker-us-central1-api-f246f9a5-9cb1-4c8c-8816-e298a2c83ca9]: Assigning socketPath: \\\\?\\pipe\\D:\\Amazon Clone\\amazon\\functions\\4436"}}
[debug] [2021-11-05T07:37:25.394Z] [worker-us-central1-api-f246f9a5-9cb1-4c8c-8816-e298a2c83ca9]: BUSY {"metadata":{"emulator":{"name":"functions"},"message":"[worker-us-central1-api-f246f9a5-9cb1-4c8c-8816-e298a2c83ca9]: BUSY"}}
[debug] [2021-11-05T07:37:25.798Z] [runtime-status] [4436] Functions runtime initialized. {"cwd":"D:\\Amazon Clone\\amazon\\functions","node_version":"14.15.0"} {"metadata":{"emulator":{"name":"functions"},"function":{"name":"us-central1-api"},"message":"[runtime-status] [4436] Functions runtime initialized. {\"cwd\":\"D:\\\\Amazon Clone\\\\amazon\\\\functions\",\"node_version\":\"14.15.0\"}"}}
[debug] [2021-11-05T07:37:25.803Z] [runtime-status] [4436] Disabled runtime features: undefined {"metadata":{"emulator":{"name":"functions"},"function":{"name":"us-central1-api"},"message":"[runtime-status] [4436] Disabled runtime features: undefined"}}
[debug] [2021-11-05T07:37:25.809Z] [runtime-status] [4436] Resolved module firebase-admin {"declared":true,"installed":true,"version":"9.4.2","resolution":"D:\\Amazon Clone\\amazon\\functions\\node_modules\\firebase-admin\\lib\\index.js"} {"metadata":{"emulator":{"name":"functions"},"function":{"name":"us-central1-api"},"message":"[runtime-status] [4436] Resolved module firebase-admin {\"declared\":true,\"installed\":true,\"version\":\"9.4.2\",\"resolution\":\"D:\\\\Amazon Clone\\\\amazon\\\\functions\\\\node_modules\\\\firebase-admin\\\\lib\\\\index.js\"}"}}
[debug] [2021-11-05T07:37:25.811Z] [runtime-status] [4436] Resolved module firebase-functions {"declared":true,"installed":true,"version":"3.13.0","resolution":"D:\\Amazon Clone\\amazon\\functions\\node_modules\\firebase-functions\\lib\\index.js"} {"metadata":{"emulator":{"name":"functions"},"function":{"name":"us-central1-api"},"message":"[runtime-status] [4436] Resolved module firebase-functions {\"declared\":true,\"installed\":true,\"version\":\"3.13.0\",\"resolution\":\"D:\\\\Amazon Clone\\\\amazon\\\\functions\\\\node_modules\\\\firebase-functions\\\\lib\\\\index.js\"}"}}
[debug] [2021-11-05T07:37:25.813Z] [runtime-status] [4436] Resolved module firebase-functions {"declared":true,"installed":true,"version":"3.13.0","resolution":"D:\\Amazon Clone\\amazon\\functions\\node_modules\\firebase-functions\\lib\\index.js"} {"metadata":{"emulator":{"name":"functions"},"function":{"name":"us-central1-api"},"message":"[runtime-status] [4436] Resolved module firebase-functions {\"declared\":true,\"installed\":true,\"version\":\"3.13.0\",\"resolution\":\"D:\\\\Amazon Clone\\\\amazon\\\\functions\\\\node_modules\\\\firebase-functions\\\\lib\\\\index.js\"}"}}
[debug] [2021-11-05T07:37:25.814Z] [runtime-status] [4436] Outgoing network have been stubbed. [{"name":"http","status":"mocked"},{"name":"http","status":"mocked"},{"name":"https","status":"mocked"},{"name":"https","status":"mocked"},{"name":"net","status":"mocked"}] {"metadata":{"emulator":{"name":"functions"},"function":{"name":"us-central1-api"},"message":"[runtime-status] [4436] Outgoing network have been stubbed. [{\"name\":\"http\",\"status\":\"mocked\"},{\"name\":\"http\",\"status\":\"mocked\"},{\"name\":\"https\",\"status\":\"mocked\"},{\"name\":\"https\",\"status\":\"mocked\"},{\"name\":\"net\",\"status\":\"mocked\"}]"}}
[debug] [2021-11-05T07:37:25.815Z] [runtime-status] [4436] Resolved module firebase-functions {"declared":true,"installed":true,"version":"3.13.0","resolution":"D:\\Amazon Clone\\amazon\\functions\\node_modules\\firebase-functions\\lib\\index.js"} {"metadata":{"emulator":{"name":"functions"},"function":{"name":"us-central1-api"},"message":"[runtime-status] [4436] Resolved module firebase-functions {\"declared\":true,\"installed\":true,\"version\":\"3.13.0\",\"resolution\":\"D:\\\\Amazon Clone\\\\amazon\\\\functions\\\\node_modules\\\\firebase-functions\\\\lib\\\\index.js\"}"}}
[debug] [2021-11-05T07:37:25.866Z] [runtime-status] [4436] Checked functions.config() {"config":{}} {"metadata":{"emulator":{"name":"functions"},"function":{"name":"us-central1-api"},"message":"[runtime-status] [4436] Checked functions.config() {\"config\":{}}"}}
[debug] [2021-11-05T07:37:25.867Z] [runtime-status] [4436] firebase-functions has been stubbed. {"functionsResolution":{"declared":true,"installed":true,"version":"3.13.0","resolution":"D:\\Amazon Clone\\amazon\\functions\\node_modules\\firebase-functions\\lib\\index.js"}} {"metadata":{"emulator":{"name":"functions"},"function":{"name":"us-central1-api"},"message":"[runtime-status] [4436] firebase-functions has been stubbed. {\"functionsResolution\":{\"declared\":true,\"installed\":true,\"version\":\"3.13.0\",\"resolution\":\"D:\\\\Amazon Clone\\\\amazon\\\\functions\\\\node_modules\\\\firebase-functions\\\\lib\\\\index.js\"}}"}}
[debug] [2021-11-05T07:37:25.867Z] [runtime-status] [4436] Resolved module firebase-functions {"declared":true,"installed":true,"version":"3.13.0","resolution":"D:\\Amazon Clone\\amazon\\functions\\node_modules\\firebase-functions\\lib\\index.js"} {"metadata":{"emulator":{"name":"functions"},"function":{"name":"us-central1-api"},"message":"[runtime-status] [4436] Resolved module firebase-functions {\"declared\":true,\"installed\":true,\"version\":\"3.13.0\",\"resolution\":\"D:\\\\Amazon Clone\\\\amazon\\\\functions\\\\node_modules\\\\firebase-functions\\\\lib\\\\index.js\"}"}}
[debug] [2021-11-05T07:37:25.868Z] [runtime-status] [4436] Resolved module firebase-admin {"declared":true,"installed":true,"version":"9.4.2","resolution":"D:\\Amazon Clone\\amazon\\functions\\node_modules\\firebase-admin\\lib\\index.js"} {"metadata":{"emulator":{"name":"functions"},"function":{"name":"us-central1-api"},"message":"[runtime-status] [4436] Resolved module firebase-admin {\"declared\":true,\"installed\":true,\"version\":\"9.4.2\",\"resolution\":\"D:\\\\Amazon Clone\\\\amazon\\\\functions\\\\node_modules\\\\firebase-admin\\\\lib\\\\index.js\"}"}}
[debug] [2021-11-05T07:37:25.869Z] [runtime-status] [4436] Resolved module firebase-functions {"declared":true,"installed":true,"version":"3.13.0","resolution":"D:\\Amazon Clone\\amazon\\functions\\node_modules\\firebase-functions\\lib\\index.js"} {"metadata":{"emulator":{"name":"functions"},"function":{"name":"us-central1-api"},"message":"[runtime-status] [4436] Resolved module firebase-functions {\"declared\":true,\"installed\":true,\"version\":\"3.13.0\",\"resolution\":\"D:\\\\Amazon Clone\\\\amazon\\\\functions\\\\node_modules\\\\firebase-functions\\\\lib\\\\index.js\"}"}}
[debug] [2021-11-05T07:37:25.870Z] [runtime-status] [4436] firebase-admin has been stubbed. {"adminResolution":{"declared":true,"installed":true,"version":"9.4.2","resolution":"D:\\Amazon Clone\\amazon\\functions\\node_modules\\firebase-admin\\lib\\index.js"}} {"metadata":{"emulator":{"name":"functions"},"function":{"name":"us-central1-api"},"message":"[runtime-status] [4436] firebase-admin has been stubbed. {\"adminResolution\":{\"declared\":true,\"installed\":true,\"version\":\"9.4.2\",\"resolution\":\"D:\\\\Amazon Clone\\\\amazon\\\\functions\\\\node_modules\\\\firebase-admin\\\\lib\\\\index.js\"}}"}}
[debug] [2021-11-05T07:37:26.013Z] [runtime-status] [4436] Trigger "us-central1-api" has been found, beginning invocation! {"metadata":{"emulator":{"name":"functions"},"function":{"name":"us-central1-api"},"message":"[runtime-status] [4436] Trigger \"us-central1-api\" has been found, beginning invocation!"}}
[info] i  functions: Beginning execution of "us-central1-api" {"metadata":{"emulator":{"name":"functions"},"function":{"name":"us-central1-api"},"message":"Beginning execution of \"us-central1-api\""}}
[debug] [2021-11-05T07:37:26.015Z] [runtime-status] [4436] triggerDefinition {"httpsTrigger":{},"name":"api","entryPoint":"api","regions":["us-central1"],"region":"us-central1","id":"us-central1-api"} {"metadata":{"emulator":{"name":"functions"},"function":{"name":"us-central1-api"},"message":"[runtime-status] [4436] triggerDefinition {\"httpsTrigger\":{},\"name\":\"api\",\"entryPoint\":\"api\",\"regions\":[\"us-central1\"],\"region\":\"us-central1\",\"id\":\"us-central1-api\"}"}}
[debug] [2021-11-05T07:37:26.015Z] [runtime-status] [4436] Running us-central1-api in mode HTTPS {"metadata":{"emulator":{"name":"functions"},"function":{"name":"us-central1-api"},"message":"[runtime-status] [4436] Running us-central1-api in mode HTTPS"}}
[debug] [2021-11-05T07:37:26.024Z] [runtime-status] [4436] Attempting to listen to socketPath: \\?\pipe\D:\Amazon Clone\amazon\functions\4436 {"metadata":{"emulator":{"name":"functions"},"function":{"name":"us-central1-api"},"message":"[runtime-status] [4436] Attempting to listen to socketPath: \\\\?\\pipe\\D:\\Amazon Clone\\amazon\\functions\\4436"}}
[debug] [2021-11-05T07:37:26.030Z] [functions] Runtime ready! Sending request! {"metadata":{"emulator":{"name":"functions"},"message":"[functions] Runtime ready! Sending request!"}}
[debug] [2021-11-05T07:37:26.032Z] [functions] Got req.url=/clone-6f9a2/us-central1/api/payments/create?total=100, mapping to path=/payments/create?total=100 {"metadata":{"emulator":{"name":"functions"},"message":"[functions] Got req.url=/clone-6f9a2/us-central1/api/payments/create?total=100, mapping to path=/payments/create?total=100"}}
[debug] [2021-11-05T07:37:26.051Z] [runtime-status] [4436] Ephemeral server handling POST request {"metadata":{"emulator":{"name":"functions"},"function":{"name":"us-central1-api"},"message":"[runtime-status] [4436] Ephemeral server handling POST request"}}
[info] >  Payment Request Recieved BOOM!!! for this amount >>> 100 {"user":"Payment Request Recieved BOOM!!! for this amount >>> 100","metadata":{"emulator":{"name":"functions"},"function":{"name":"us-central1-api"},"message":"\u001b[90m> \u001b[39m Payment Request Recieved BOOM!!! for this amount >>> 100"}}
[debug] [2021-11-05T07:37:26.088Z] [runtime-status] [4436] Ephemeral server survived. {"metadata":{"emulator":{"name":"functions"},"function":{"name":"us-central1-api"},"message":"[runtime-status] [4436] Ephemeral server survived."}}
[info] >  (node:4436) UnhandledPromiseRejectionWarning: Error: An error occurred with our connection to Stripe. {"user":"(node:4436) UnhandledPromiseRejectionWarning: Error: An error occurred with our connection to Stripe.","metadata":{"emulator":{"name":"functions"},"function":{"name":"us-central1-api"},"message":"\u001b[90m> \u001b[39m (node:4436) UnhandledPromiseRejectionWarning: Error: An error occurred with our connection to Stripe."}}
[info] >      at D:\Amazon Clone\amazon\functions\node_modules\stripe\lib\StripeResource.js:234:9 {"user":"    at D:\\Amazon Clone\\amazon\\functions\\node_modules\\stripe\\lib\\StripeResource.js:234:9","metadata":{"emulator":{"name":"functions"},"function":{"name":"us-central1-api"},"message":"\u001b[90m> \u001b[39m     at D:\\Amazon Clone\\amazon\\functions\\node_modules\\stripe\\lib\\StripeResource.js:234:9"}}
[info] >      at ClientRequest.<anonymous> (D:\Amazon Clone\amazon\functions\node_modules\stripe\lib\StripeResource.js:489:67) {"user":"    at ClientRequest.<anonymous> (D:\\Amazon Clone\\amazon\\functions\\node_modules\\stripe\\lib\\StripeResource.js:489:67)","metadata":{"emulator":{"name":"functions"},"function":{"name":"us-central1-api"},"message":"\u001b[90m> \u001b[39m     at ClientRequest.<anonymous> (D:\\Amazon Clone\\amazon\\functions\\node_modules\\stripe\\lib\\StripeResource.js:489:67)"}}
[info] >      at ClientRequest.emit (events.js:315:20) {"user":"    at ClientRequest.emit (events.js:315:20)","metadata":{"emulator":{"name":"functions"},"function":{"name":"us-central1-api"},"message":"\u001b[90m> \u001b[39m     at ClientRequest.emit (events.js:315:20)"}}
[info] >      at TLSSocket.socketErrorListener (_http_client.js:469:9) {"user":"    at TLSSocket.socketErrorListener (_http_client.js:469:9)","metadata":{"emulator":{"name":"functions"},"function":{"name":"us-central1-api"},"message":"\u001b[90m> \u001b[39m     at TLSSocket.socketErrorListener (_http_client.js:469:9)"}}
[info] >      at TLSSocket.emit (events.js:315:20) {"user":"    at TLSSocket.emit (events.js:315:20)","metadata":{"emulator":{"name":"functions"},"function":{"name":"us-central1-api"},"message":"\u001b[90m> \u001b[39m     at TLSSocket.emit (events.js:315:20)"}}
[info] >      at emitErrorNT (internal/streams/destroy.js:106:8) {"user":"    at emitErrorNT (internal/streams/destroy.js:106:8)","metadata":{"emulator":{"name":"functions"},"function":{"name":"us-central1-api"},"message":"\u001b[90m> \u001b[39m     at emitErrorNT (internal/streams/destroy.js:106:8)"}}
[info] >      at emitErrorCloseNT (internal/streams/destroy.js:74:3) {"user":"    at emitErrorCloseNT (internal/streams/destroy.js:74:3)","metadata":{"emulator":{"name":"functions"},"function":{"name":"us-central1-api"},"message":"\u001b[90m> \u001b[39m     at emitErrorCloseNT (internal/streams/destroy.js:74:3)"}}
[info] >      at processTicksAndRejections (internal/process/task_queues.js:80:21) {"user":"    at processTicksAndRejections (internal/process/task_queues.js:80:21)","metadata":{"emulator":{"name":"functions"},"function":{"name":"us-central1-api"},"message":"\u001b[90m> \u001b[39m     at processTicksAndRejections (internal/process/task_queues.js:80:21)"}}
[info] >  (Use `node --trace-warnings ...` to show where the warning was created) {"user":"(Use `node --trace-warnings ...` to show where the warning was created)","metadata":{"emulator":{"name":"functions"},"function":{"name":"us-central1-api"},"message":"\u001b[90m> \u001b[39m (Use `node --trace-warnings ...` to show where the warning was created)"}}
[info] >  (node:4436) UnhandledPromiseRejectionWarning: Unhandled promise rejection. This error originated either by throwing inside of an async function without a catch block, or by rejecting a promise which was not handled with .catch(). To terminate the node process on unhandled promise rejection, use the CLI flag `--unhandled-rejections=strict` (see https://nodejs.org/api/cli.html#cli_unhandled_rejections_mode). (rejection id: 1) {"user":"(node:4436) UnhandledPromiseRejectionWarning: Unhandled promise rejection. This error originated either by throwing inside of an async function without a catch block, or by rejecting a promise which was not handled with .catch(). To terminate the node process on unhandled promise rejection, use the CLI flag `--unhandled-rejections=strict` (see https://nodejs.org/api/cli.html#cli_unhandled_rejections_mode). (rejection id: 1)","metadata":{"emulator":{"name":"functions"},"function":{"name":"us-central1-api"},"message":"\u001b[90m> \u001b[39m (node:4436) UnhandledPromiseRejectionWarning: Unhandled promise rejection. This error originated either by throwing inside of an async function without a catch block, or by rejecting a promise which was not handled with .catch(). To terminate the node process on unhandled promise rejection, use the CLI flag `--unhandled-rejections=strict` (see https://nodejs.org/api/cli.html#cli_unhandled_rejections_mode). (rejection id: 1)"}}
[info] >  (node:4436) [DEP0018] DeprecationWarning: Unhandled promise rejections are deprecated. In the future, promise rejections that are not handled will terminate the Node.js process with a non-zero exit code. {"user":"(node:4436) [DEP0018] DeprecationWarning: Unhandled promise rejections are deprecated. In the future, promise rejections that are not handled will terminate the Node.js process with a non-zero exit code.","metadata":{"emulator":{"name":"functions"},"function":{"name":"us-central1-api"},"message":"\u001b[90m> \u001b[39m (node:4436) [DEP0018] DeprecationWarning: Unhandled promise rejections are deprecated. In the future, promise rejections that are not handled will terminate the Node.js process with a non-zero exit code."}}
[warn] !  functions: Your function timed out after ~60s. To configure this timeout, see
      https://firebase.google.com/docs/functions/manage-functions#set_timeout_and_memory_allocation. {"metadata":{"emulator":{"name":"functions"},"function":{"name":"us-central1-api"},"message":"Your function timed out after ~60s. To configure this timeout, see\n      https://firebase.google.com/docs/functions/manage-functions#set_timeout_and_memory_allocation."}}
[info] >  C:\Users\RANDY\AppData\Roaming\npm\node_modules\firebase-tools\lib\emulator\functionsEmulatorRuntime.js:679 {"user":"C:\\Users\\RANDY\\AppData\\Roaming\\npm\\node_modules\\firebase-tools\\lib\\emulator\\functionsEmulatorRuntime.js:679\r","metadata":{"emulator":{"name":"functions"},"function":{"name":"us-central1-api"},"message":"\u001b[90m> \u001b[39m C:\\Users\\RANDY\\AppData\\Roaming\\npm\\node_modules\\firebase-tools\\lib\\emulator\\functionsEmulatorRuntime.js:679\r"}}
[info] >              throw new Error("Function timed out."); {"user":"            throw new Error(\"Function timed out.\");\r","metadata":{"emulator":{"name":"functions"},"function":{"name":"us-central1-api"},"message":"\u001b[90m> \u001b[39m             throw new Error(\"Function timed out.\");\r"}}
[info] >              ^ {"user":"            ^\r","metadata":{"emulator":{"name":"functions"},"function":{"name":"us-central1-api"},"message":"\u001b[90m> \u001b[39m             ^\r"}}
[info] >   {"user":"\r","metadata":{"emulator":{"name":"functions"},"function":{"name":"us-central1-api"},"message":"\u001b[90m> \u001b[39m \r"}}
[info] >  Error: Function timed out. {"user":"Error: Function timed out.\r","metadata":{"emulator":{"name":"functions"},"function":{"name":"us-central1-api"},"message":"\u001b[90m> \u001b[39m Error: Function timed out.\r"}}
[info] >      at Timeout._onTimeout (C:\Users\RANDY\AppData\Roaming\npm\node_modules\firebase-tools\lib\emulator\functionsEmulatorRuntime.js:679:19) {"user":"    at Timeout._onTimeout (C:\\Users\\RANDY\\AppData\\Roaming\\npm\\node_modules\\firebase-tools\\lib\\emulator\\functionsEmulatorRuntime.js:679:19)\r","metadata":{"emulator":{"name":"functions"},"function":{"name":"us-central1-api"},"message":"\u001b[90m> \u001b[39m     at Timeout._onTimeout (C:\\Users\\RANDY\\AppData\\Roaming\\npm\\node_modules\\firebase-tools\\lib\\emulator\\functionsEmulatorRuntime.js:679:19)\r"}}
[info] >      at listOnTimeout (internal/timers.js:554:17) {"user":"    at listOnTimeout (internal/timers.js:554:17)\r","metadata":{"emulator":{"name":"functions"},"function":{"name":"us-central1-api"},"message":"\u001b[90m> \u001b[39m     at listOnTimeout (internal/timers.js:554:17)\r"}}
[info] >      at processTimers (internal/timers.js:497:7) {"user":"    at processTimers (internal/timers.js:497:7)\r","metadata":{"emulator":{"name":"functions"},"function":{"name":"us-central1-api"},"message":"\u001b[90m> \u001b[39m     at processTimers (internal/timers.js:497:7)\r"}}
[debug] [2021-11-05T07:38:26.049Z] [worker-us-central1-api-f246f9a5-9cb1-4c8c-8816-e298a2c83ca9]: exited {"metadata":{"emulator":{"name":"functions"},"message":"[worker-us-central1-api-f246f9a5-9cb1-4c8c-8816-e298a2c83ca9]: exited"}}
[debug] [2021-11-05T07:38:26.049Z] [worker-us-central1-api-f246f9a5-9cb1-4c8c-8816-e298a2c83ca9]: FINISHED {"metadata":{"emulator":{"name":"functions"},"message":"[worker-us-central1-api-f246f9a5-9cb1-4c8c-8816-e298a2c83ca9]: FINISHED"}}
[debug] [2021-11-05T07:38:26.050Z] [work-queue] {"queueLength":0,"workRunningCount":0}
[debug] [2021-11-05T07:40:51.071Z] ----------------------------------------------------------------------
[debug] [2021-11-05T07:40:51.073Z] Command:       C:\Program Files\nodejs\node.exe C:\Users\RANDY\AppData\Roaming\npm\node_modules\firebase-tools\lib\bin\firebase.js emulators:start
[debug] [2021-11-05T07:40:51.074Z] CLI Version:   9.16.6
[debug] [2021-11-05T07:40:51.074Z] Platform:      win32
[debug] [2021-11-05T07:40:51.074Z] Node Version:  v14.15.0
[debug] [2021-11-05T07:40:51.075Z] Time:          Fri Nov 05 2021 07:40:51 GMT+0000 (Greenwich Mean Time)
[debug] [2021-11-05T07:40:51.075Z] ----------------------------------------------------------------------
[debug] 
[debug] [2021-11-05T07:40:51.077Z] >>> [apiv2][query] GET https://firebase-public.firebaseio.com/cli.json [none]
[debug] [2021-11-05T07:40:51.153Z] > command requires scopes: ["email","openid","https://www.googleapis.com/auth/cloudplatformprojects.readonly","https://www.googleapis.com/auth/firebase","https://www.googleapis.com/auth/cloud-platform"]
[debug] [2021-11-05T07:40:51.153Z] > authorizing via signed-in user (randyodoom19@gmail.com)
[info] i  emulators: Starting emulators: functions, hosting {"metadata":{"emulator":{"name":"hub"},"message":"Starting emulators: functions, hosting"}}
[warn] !  emulators: It seems that you are running multiple instances of the emulator suite for project clone-6f9a2. This may result in unexpected behavior. 
[debug] [2021-11-05T07:40:51.174Z] [hub] writing locator at C:\Users\RANDY\AppData\Local\Temp\hub-clone-6f9a2.json
[warn] !  functions: The following emulators are not running, calls to these services from the Functions emulator will affect production: auth, firestore, database, pubsub, storage {"metadata":{"emulator":{"name":"functions"},"message":"The following emulators are not running, calls to these services from the Functions emulator will affect production: \u001b[1mauth, firestore, database, pubsub, storage\u001b[22m"}}
[warn] !  Your requested "node" version "12" doesn't match your global version "14" {"metadata":{"emulator":{"name":"functions"},"message":"Your requested \"node\" version \"12\" doesn't match your global version \"14\""}}
[debug] [2021-11-05T07:41:02.231Z] defaultcredentials: writing to file C:\Users\RANDY\AppData\Roaming\firebase\randyodoom19_gmail_com_application_default_credentials.json
[debug] [2021-11-05T07:41:02.234Z] Setting GAC to C:\Users\RANDY\AppData\Roaming\firebase\randyodoom19_gmail_com_application_default_credentials.json {"metadata":{"emulator":{"name":"functions"},"message":"Setting GAC to C:\\Users\\RANDY\\AppData\\Roaming\\firebase\\randyodoom19_gmail_com_application_default_credentials.json"}}
[debug] [2021-11-05T07:41:02.235Z] > refreshing access token with scopes: []
[debug] [2021-11-05T07:41:02.237Z] >>> HTTP REQUEST POST https://www.googleapis.com/oauth2/v3/token  
 <request body omitted>
[debug] [2021-11-05T07:41:02.245Z] Failed to get Admin SDK config for clone-6f9a2, falling back to cache Failed to get Admin SDK for Firebase project clone-6f9a2. Please make sure the project exists and your account has permission to access it. {"name":"FirebaseError","children":[],"exit":2,"message":"Failed to get Admin SDK for Firebase project clone-6f9a2. Please make sure the project exists and your account has permission to access it.","original":{"name":"FirebaseError","children":[],"exit":1,"message":"Authentication Error: Your credentials are no longer valid. Please run \u001b[1mfirebase login --reauth\u001b[22m\n\nFor CI servers and headless environments, generate a new token with \u001b[1mfirebase login:ci\u001b[22m","status":500},"status":500}
[warn] !  functions: Unable to fetch project Admin SDK configuration, Admin SDK behavior in Cloud Functions emulator may be incorrect. {"metadata":{"emulator":{"name":"functions"},"message":"Unable to fetch project Admin SDK configuration, Admin SDK behavior in Cloud Functions emulator may be incorrect."}}
[debug] [2021-11-05T07:41:02.259Z] > refreshing access token with scopes: []
[debug] [2021-11-05T07:41:02.260Z] >>> HTTP REQUEST POST https://www.googleapis.com/oauth2/v3/token  
 <request body omitted>
[debug] [2021-11-05T07:41:02.265Z] Failed to list hosting sites
[debug] Authentication Error: Your credentials are no longer valid. Please run firebase login --reauth

For CI servers and headless environments, generate a new token with firebase login:ci
[debug] [2021-11-05T07:41:02.266Z] > refreshing access token with scopes: []
[debug] [2021-11-05T07:41:02.266Z] >>> HTTP REQUEST POST https://www.googleapis.com/oauth2/v3/token  
 <request body omitted>
[debug] [2021-11-05T07:41:02.268Z] fetchWebSetup error: FirebaseError: Authentication Error: Your credentials are no longer valid. Please run firebase login --reauth

For CI servers and headless environments, generate a new token with firebase login:ci
[warn] !  hosting: Using web app configuration from cache. 
[info] i  hosting: Serving hosting files from: build {"metadata":{"emulator":{"name":"hosting"},"message":"Serving hosting files from: \u001b[1mbuild\u001b[22m"}}
[info] +  hosting: Local server: http://localhost:5000 {"metadata":{"emulator":{"name":"hosting"},"message":"Local server: \u001b[4m\u001b[1mhttp://localhost:5000\u001b[22m\u001b[24m"}}
[warn] !  ui: Emulator UI unable to start on port 4000, starting on 4001 instead. {"metadata":{"emulator":{"name":"ui"},"message":"Emulator UI unable to start on port 4000, starting on 4001 instead."}}
[debug] [2021-11-05T07:41:02.328Z] Ignoring unsupported arg: auto_download {"metadata":{"emulator":{"name":"ui"},"message":"Ignoring unsupported arg: auto_download"}}
[debug] [2021-11-05T07:41:02.328Z] Ignoring unsupported arg: port {"metadata":{"emulator":{"name":"ui"},"message":"Ignoring unsupported arg: port"}}
[debug] [2021-11-05T07:41:02.328Z] Starting Emulator UI with command {"binary":"node","args":["C:\\Users\\RANDY\\.cache\\firebase\\emulators\\ui-v1.6.2\\server.bundle.js"],"optionalArgs":[],"joinArgs":false} {"metadata":{"emulator":{"name":"ui"},"message":"Starting Emulator UI with command {\"binary\":\"node\",\"args\":[\"C:\\\\Users\\\\RANDY\\\\.cache\\\\firebase\\\\emulators\\\\ui-v1.6.2\\\\server.bundle.js\"],\"optionalArgs\":[],\"joinArgs\":false}"}}
[info] i  ui: Emulator UI logging to ui-debug.log {"metadata":{"emulator":{"name":"ui"},"message":"Emulator UI logging to \u001b[1mui-debug.log\u001b[22m"}}
[debug] [2021-11-05T07:41:02.465Z] Web / API server started at localhost:4001
 {"metadata":{"emulator":{"name":"ui"},"message":"Web / API server started at localhost:4001\n"}}
[info] i  functions: Watching "D:\Amazon Clone\amazon\functions" for Cloud Functions... {"metadata":{"emulator":{"name":"functions"},"message":"Watching \"D:\\Amazon Clone\\amazon\\functions\" for Cloud Functions..."}}
[debug] [2021-11-05T07:41:02.630Z] [worker-pool] addWorker(~diagnostic~) {"metadata":{"emulator":{"name":"functions"},"message":"[worker-pool] addWorker(~diagnostic~)"}}
[debug] [2021-11-05T07:41:02.630Z] [worker-pool] Adding worker with key ~diagnostic~, total=1 {"metadata":{"emulator":{"name":"functions"},"message":"[worker-pool] Adding worker with key ~diagnostic~, total=1"}}
[debug] [2021-11-05T07:41:02.630Z] [worker-pool] submitWork(triggerId=) {"metadata":{"emulator":{"name":"functions"},"message":"[worker-pool] submitWork(triggerId=)"}}
[debug] [2021-11-05T07:41:02.631Z] [worker-~diagnostic~-9b888eb2-0c2a-456d-adef-8d44fe425714]: Assigning socketPath: \\?\pipe\D:\Amazon Clone\amazon\functions\10684 {"metadata":{"emulator":{"name":"functions"},"message":"[worker-~diagnostic~-9b888eb2-0c2a-456d-adef-8d44fe425714]: Assigning socketPath: \\\\?\\pipe\\D:\\Amazon Clone\\amazon\\functions\\10684"}}
[debug] [2021-11-05T07:41:02.632Z] [worker-~diagnostic~-9b888eb2-0c2a-456d-adef-8d44fe425714]: BUSY {"metadata":{"emulator":{"name":"functions"},"message":"[worker-~diagnostic~-9b888eb2-0c2a-456d-adef-8d44fe425714]: BUSY"}}
[debug] [2021-11-05T07:41:03.037Z] [runtime-status] [10684] Functions runtime initialized. {"cwd":"D:\\Amazon Clone\\amazon\\functions","node_version":"14.15.0"} {"metadata":{"emulator":{"name":"functions"},"message":"[runtime-status] [10684] Functions runtime initialized. {\"cwd\":\"D:\\\\Amazon Clone\\\\amazon\\\\functions\",\"node_version\":\"14.15.0\"}"}}
[debug] [2021-11-05T07:41:03.042Z] [runtime-status] [10684] Disabled runtime features: undefined {"metadata":{"emulator":{"name":"functions"},"message":"[runtime-status] [10684] Disabled runtime features: undefined"}}
[debug] [2021-11-05T07:41:03.048Z] [runtime-status] [10684] Resolved module firebase-admin {"declared":true,"installed":true,"version":"9.4.2","resolution":"D:\\Amazon Clone\\amazon\\functions\\node_modules\\firebase-admin\\lib\\index.js"} {"metadata":{"emulator":{"name":"functions"},"message":"[runtime-status] [10684] Resolved module firebase-admin {\"declared\":true,\"installed\":true,\"version\":\"9.4.2\",\"resolution\":\"D:\\\\Amazon Clone\\\\amazon\\\\functions\\\\node_modules\\\\firebase-admin\\\\lib\\\\index.js\"}"}}
[debug] [2021-11-05T07:41:03.050Z] [runtime-status] [10684] Resolved module firebase-functions {"declared":true,"installed":true,"version":"3.13.0","resolution":"D:\\Amazon Clone\\amazon\\functions\\node_modules\\firebase-functions\\lib\\index.js"} {"metadata":{"emulator":{"name":"functions"},"message":"[runtime-status] [10684] Resolved module firebase-functions {\"declared\":true,\"installed\":true,\"version\":\"3.13.0\",\"resolution\":\"D:\\\\Amazon Clone\\\\amazon\\\\functions\\\\node_modules\\\\firebase-functions\\\\lib\\\\index.js\"}"}}
[debug] [2021-11-05T07:41:03.052Z] [runtime-status] [10684] Resolved module firebase-functions {"declared":true,"installed":true,"version":"3.13.0","resolution":"D:\\Amazon Clone\\amazon\\functions\\node_modules\\firebase-functions\\lib\\index.js"} {"metadata":{"emulator":{"name":"functions"},"message":"[runtime-status] [10684] Resolved module firebase-functions {\"declared\":true,\"installed\":true,\"version\":\"3.13.0\",\"resolution\":\"D:\\\\Amazon Clone\\\\amazon\\\\functions\\\\node_modules\\\\firebase-functions\\\\lib\\\\index.js\"}"}}
[debug] [2021-11-05T07:41:03.054Z] [runtime-status] [10684] Outgoing network have been stubbed. [{"name":"http","status":"mocked"},{"name":"http","status":"mocked"},{"name":"https","status":"mocked"},{"name":"https","status":"mocked"},{"name":"net","status":"mocked"}] {"metadata":{"emulator":{"name":"functions"},"message":"[runtime-status] [10684] Outgoing network have been stubbed. [{\"name\":\"http\",\"status\":\"mocked\"},{\"name\":\"http\",\"status\":\"mocked\"},{\"name\":\"https\",\"status\":\"mocked\"},{\"name\":\"https\",\"status\":\"mocked\"},{\"name\":\"net\",\"status\":\"mocked\"}]"}}
[debug] [2021-11-05T07:41:03.054Z] [runtime-status] [10684] Resolved module firebase-functions {"declared":true,"installed":true,"version":"3.13.0","resolution":"D:\\Amazon Clone\\amazon\\functions\\node_modules\\firebase-functions\\lib\\index.js"} {"metadata":{"emulator":{"name":"functions"},"message":"[runtime-status] [10684] Resolved module firebase-functions {\"declared\":true,\"installed\":true,\"version\":\"3.13.0\",\"resolution\":\"D:\\\\Amazon Clone\\\\amazon\\\\functions\\\\node_modules\\\\firebase-functions\\\\lib\\\\index.js\"}"}}
[debug] [2021-11-05T07:41:03.094Z] [runtime-status] [10684] Checked functions.config() {"config":{}} {"metadata":{"emulator":{"name":"functions"},"message":"[runtime-status] [10684] Checked functions.config() {\"config\":{}}"}}
[debug] [2021-11-05T07:41:03.094Z] [runtime-status] [10684] firebase-functions has been stubbed. {"functionsResolution":{"declared":true,"installed":true,"version":"3.13.0","resolution":"D:\\Amazon Clone\\amazon\\functions\\node_modules\\firebase-functions\\lib\\index.js"}} {"metadata":{"emulator":{"name":"functions"},"message":"[runtime-status] [10684] firebase-functions has been stubbed. {\"functionsResolution\":{\"declared\":true,\"installed\":true,\"version\":\"3.13.0\",\"resolution\":\"D:\\\\Amazon Clone\\\\amazon\\\\functions\\\\node_modules\\\\firebase-functions\\\\lib\\\\index.js\"}}"}}
[debug] [2021-11-05T07:41:03.095Z] [runtime-status] [10684] Resolved module firebase-functions {"declared":true,"installed":true,"version":"3.13.0","resolution":"D:\\Amazon Clone\\amazon\\functions\\node_modules\\firebase-functions\\lib\\index.js"} {"metadata":{"emulator":{"name":"functions"},"message":"[runtime-status] [10684] Resolved module firebase-functions {\"declared\":true,\"installed\":true,\"version\":\"3.13.0\",\"resolution\":\"D:\\\\Amazon Clone\\\\amazon\\\\functions\\\\node_modules\\\\firebase-functions\\\\lib\\\\index.js\"}"}}
[debug] [2021-11-05T07:41:03.096Z] [runtime-status] [10684] Resolved module firebase-admin {"declared":true,"installed":true,"version":"9.4.2","resolution":"D:\\Amazon Clone\\amazon\\functions\\node_modules\\firebase-admin\\lib\\index.js"} {"metadata":{"emulator":{"name":"functions"},"message":"[runtime-status] [10684] Resolved module firebase-admin {\"declared\":true,\"installed\":true,\"version\":\"9.4.2\",\"resolution\":\"D:\\\\Amazon Clone\\\\amazon\\\\functions\\\\node_modules\\\\firebase-admin\\\\lib\\\\index.js\"}"}}
[debug] [2021-11-05T07:41:03.097Z] [runtime-status] [10684] Resolved module firebase-functions {"declared":true,"installed":true,"version":"3.13.0","resolution":"D:\\Amazon Clone\\amazon\\functions\\node_modules\\firebase-functions\\lib\\index.js"} {"metadata":{"emulator":{"name":"functions"},"message":"[runtime-status] [10684] Resolved module firebase-functions {\"declared\":true,\"installed\":true,\"version\":\"3.13.0\",\"resolution\":\"D:\\\\Amazon Clone\\\\amazon\\\\functions\\\\node_modules\\\\firebase-functions\\\\lib\\\\index.js\"}"}}
[debug] [2021-11-05T07:41:03.097Z] [runtime-status] [10684] firebase-admin has been stubbed. {"adminResolution":{"declared":true,"installed":true,"version":"9.4.2","resolution":"D:\\Amazon Clone\\amazon\\functions\\node_modules\\firebase-admin\\lib\\index.js"}} {"metadata":{"emulator":{"name":"functions"},"message":"[runtime-status] [10684] firebase-admin has been stubbed. {\"adminResolution\":{\"declared\":true,\"installed\":true,\"version\":\"9.4.2\",\"resolution\":\"D:\\\\Amazon Clone\\\\amazon\\\\functions\\\\node_modules\\\\firebase-admin\\\\lib\\\\index.js\"}}"}}
[info] +  functions[us-central1-api]: http function initialized (http://localhost:5001/clone-6f9a2/us-central1/api). {"metadata":{"emulator":{"name":"functions"},"message":"\u001b[1mhttp\u001b[22m function initialized (http://localhost:5001/clone-6f9a2/us-central1/api)."}}
[info] 
┌─────────────────────────────────────────────────────────────┐
│ ✔  All emulators ready! It is now safe to connect your app. │
│ i  View Emulator UI at http://localhost:4001                │
└─────────────────────────────────────────────────────────────┘

┌───────────┬────────────────┬─────────────────────────────────┐
│ Emulator  │ Host:Port      │ View in Emulator UI             │
├───────────┼────────────────┼─────────────────────────────────┤
│ Functions │ localhost:5001 │ http://localhost:4001/functions │
├───────────┼────────────────┼─────────────────────────────────┤
│ Hosting   │ localhost:5000 │ n/a                             │
└───────────┴────────────────┴─────────────────────────────────┘
  Emulator Hub running at localhost:4400
  Other reserved ports: 4500

Issues? Report them at https://github.com/firebase/firebase-tools/issues and attach the *-debug.log files.
 
[debug] [2021-11-05T07:41:03.286Z] [worker-~diagnostic~-9b888eb2-0c2a-456d-adef-8d44fe425714]: IDLE {"metadata":{"emulator":{"name":"functions"},"message":"[worker-~diagnostic~-9b888eb2-0c2a-456d-adef-8d44fe425714]: IDLE"}}
[debug] [2021-11-05T07:41:35.352Z] [work-queue] {"queueLength":1,"workRunningCount":0}
[debug] [2021-11-05T07:41:35.353Z] [work-queue] {"queueLength":0,"workRunningCount":1}
[debug] [2021-11-05T07:41:35.354Z] Accepted request GET /clone-6f9a2/us-central1/api --> us-central1-api
[debug] [2021-11-05T07:41:35.366Z] [worker-pool] addWorker(us-central1-api) {"metadata":{"emulator":{"name":"functions"},"message":"[worker-pool] addWorker(us-central1-api)"}}
[debug] [2021-11-05T07:41:35.367Z] [worker-pool] Adding worker with key us-central1-api, total=1 {"metadata":{"emulator":{"name":"functions"},"message":"[worker-pool] Adding worker with key us-central1-api, total=1"}}
[debug] [2021-11-05T07:41:35.367Z] [worker-pool] submitWork(triggerId=us-central1-api) {"metadata":{"emulator":{"name":"functions"},"message":"[worker-pool] submitWork(triggerId=us-central1-api)"}}
[debug] [2021-11-05T07:41:35.368Z] [worker-us-central1-api-fa78870e-4c3c-4985-9af4-1d3103e93cab]: Assigning socketPath: \\?\pipe\D:\Amazon Clone\amazon\functions\21596 {"metadata":{"emulator":{"name":"functions"},"message":"[worker-us-central1-api-fa78870e-4c3c-4985-9af4-1d3103e93cab]: Assigning socketPath: \\\\?\\pipe\\D:\\Amazon Clone\\amazon\\functions\\21596"}}
[debug] [2021-11-05T07:41:35.368Z] [worker-us-central1-api-fa78870e-4c3c-4985-9af4-1d3103e93cab]: BUSY {"metadata":{"emulator":{"name":"functions"},"message":"[worker-us-central1-api-fa78870e-4c3c-4985-9af4-1d3103e93cab]: BUSY"}}
[debug] [2021-11-05T07:41:35.784Z] [runtime-status] [21596] Functions runtime initialized. {"cwd":"D:\\Amazon Clone\\amazon\\functions","node_version":"14.15.0"} {"metadata":{"emulator":{"name":"functions"},"function":{"name":"us-central1-api"},"message":"[runtime-status] [21596] Functions runtime initialized. {\"cwd\":\"D:\\\\Amazon Clone\\\\amazon\\\\functions\",\"node_version\":\"14.15.0\"}"}}
[debug] [2021-11-05T07:41:35.789Z] [runtime-status] [21596] Disabled runtime features: undefined {"metadata":{"emulator":{"name":"functions"},"function":{"name":"us-central1-api"},"message":"[runtime-status] [21596] Disabled runtime features: undefined"}}
[debug] [2021-11-05T07:41:35.796Z] [runtime-status] [21596] Resolved module firebase-admin {"declared":true,"installed":true,"version":"9.4.2","resolution":"D:\\Amazon Clone\\amazon\\functions\\node_modules\\firebase-admin\\lib\\index.js"} {"metadata":{"emulator":{"name":"functions"},"function":{"name":"us-central1-api"},"message":"[runtime-status] [21596] Resolved module firebase-admin {\"declared\":true,\"installed\":true,\"version\":\"9.4.2\",\"resolution\":\"D:\\\\Amazon Clone\\\\amazon\\\\functions\\\\node_modules\\\\firebase-admin\\\\lib\\\\index.js\"}"}}
[debug] [2021-11-05T07:41:35.799Z] [runtime-status] [21596] Resolved module firebase-functions {"declared":true,"installed":true,"version":"3.13.0","resolution":"D:\\Amazon Clone\\amazon\\functions\\node_modules\\firebase-functions\\lib\\index.js"} {"metadata":{"emulator":{"name":"functions"},"function":{"name":"us-central1-api"},"message":"[runtime-status] [21596] Resolved module firebase-functions {\"declared\":true,\"installed\":true,\"version\":\"3.13.0\",\"resolution\":\"D:\\\\Amazon Clone\\\\amazon\\\\functions\\\\node_modules\\\\firebase-functions\\\\lib\\\\index.js\"}"}}
[debug] [2021-11-05T07:41:35.801Z] [runtime-status] [21596] Resolved module firebase-functions {"declared":true,"installed":true,"version":"3.13.0","resolution":"D:\\Amazon Clone\\amazon\\functions\\node_modules\\firebase-functions\\lib\\index.js"} {"metadata":{"emulator":{"name":"functions"},"function":{"name":"us-central1-api"},"message":"[runtime-status] [21596] Resolved module firebase-functions {\"declared\":true,\"installed\":true,\"version\":\"3.13.0\",\"resolution\":\"D:\\\\Amazon Clone\\\\amazon\\\\functions\\\\node_modules\\\\firebase-functions\\\\lib\\\\index.js\"}"}}
[debug] [2021-11-05T07:41:35.802Z] [runtime-status] [21596] Outgoing network have been stubbed. [{"name":"http","status":"mocked"},{"name":"http","status":"mocked"},{"name":"https","status":"mocked"},{"name":"https","status":"mocked"},{"name":"net","status":"mocked"}] {"metadata":{"emulator":{"name":"functions"},"function":{"name":"us-central1-api"},"message":"[runtime-status] [21596] Outgoing network have been stubbed. [{\"name\":\"http\",\"status\":\"mocked\"},{\"name\":\"http\",\"status\":\"mocked\"},{\"name\":\"https\",\"status\":\"mocked\"},{\"name\":\"https\",\"status\":\"mocked\"},{\"name\":\"net\",\"status\":\"mocked\"}]"}}
[debug] [2021-11-05T07:41:35.803Z] [runtime-status] [21596] Resolved module firebase-functions {"declared":true,"installed":true,"version":"3.13.0","resolution":"D:\\Amazon Clone\\amazon\\functions\\node_modules\\firebase-functions\\lib\\index.js"} {"metadata":{"emulator":{"name":"functions"},"function":{"name":"us-central1-api"},"message":"[runtime-status] [21596] Resolved module firebase-functions {\"declared\":true,\"installed\":true,\"version\":\"3.13.0\",\"resolution\":\"D:\\\\Amazon Clone\\\\amazon\\\\functions\\\\node_modules\\\\firebase-functions\\\\lib\\\\index.js\"}"}}
[debug] [2021-11-05T07:41:35.852Z] [runtime-status] [21596] Checked functions.config() {"config":{}} {"metadata":{"emulator":{"name":"functions"},"function":{"name":"us-central1-api"},"message":"[runtime-status] [21596] Checked functions.config() {\"config\":{}}"}}
[debug] [2021-11-05T07:41:35.852Z] [runtime-status] [21596] firebase-functions has been stubbed. {"functionsResolution":{"declared":true,"installed":true,"version":"3.13.0","resolution":"D:\\Amazon Clone\\amazon\\functions\\node_modules\\firebase-functions\\lib\\index.js"}} {"metadata":{"emulator":{"name":"functions"},"function":{"name":"us-central1-api"},"message":"[runtime-status] [21596] firebase-functions has been stubbed. {\"functionsResolution\":{\"declared\":true,\"installed\":true,\"version\":\"3.13.0\",\"resolution\":\"D:\\\\Amazon Clone\\\\amazon\\\\functions\\\\node_modules\\\\firebase-functions\\\\lib\\\\index.js\"}}"}}
[debug] [2021-11-05T07:41:35.852Z] [runtime-status] [21596] Resolved module firebase-functions {"declared":true,"installed":true,"version":"3.13.0","resolution":"D:\\Amazon Clone\\amazon\\functions\\node_modules\\firebase-functions\\lib\\index.js"} {"metadata":{"emulator":{"name":"functions"},"function":{"name":"us-central1-api"},"message":"[runtime-status] [21596] Resolved module firebase-functions {\"declared\":true,\"installed\":true,\"version\":\"3.13.0\",\"resolution\":\"D:\\\\Amazon Clone\\\\amazon\\\\functions\\\\node_modules\\\\firebase-functions\\\\lib\\\\index.js\"}"}}
[debug] [2021-11-05T07:41:35.853Z] [runtime-status] [21596] Resolved module firebase-admin {"declared":true,"installed":true,"version":"9.4.2","resolution":"D:\\Amazon Clone\\amazon\\functions\\node_modules\\firebase-admin\\lib\\index.js"} {"metadata":{"emulator":{"name":"functions"},"function":{"name":"us-central1-api"},"message":"[runtime-status] [21596] Resolved module firebase-admin {\"declared\":true,\"installed\":true,\"version\":\"9.4.2\",\"resolution\":\"D:\\\\Amazon Clone\\\\amazon\\\\functions\\\\node_modules\\\\firebase-admin\\\\lib\\\\index.js\"}"}}
[debug] [2021-11-05T07:41:35.854Z] [runtime-status] [21596] Resolved module firebase-functions {"declared":true,"installed":true,"version":"3.13.0","resolution":"D:\\Amazon Clone\\amazon\\functions\\node_modules\\firebase-functions\\lib\\index.js"} {"metadata":{"emulator":{"name":"functions"},"function":{"name":"us-central1-api"},"message":"[runtime-status] [21596] Resolved module firebase-functions {\"declared\":true,\"installed\":true,\"version\":\"3.13.0\",\"resolution\":\"D:\\\\Amazon Clone\\\\amazon\\\\functions\\\\node_modules\\\\firebase-functions\\\\lib\\\\index.js\"}"}}
[debug] [2021-11-05T07:41:35.855Z] [runtime-status] [21596] firebase-admin has been stubbed. {"adminResolution":{"declared":true,"installed":true,"version":"9.4.2","resolution":"D:\\Amazon Clone\\amazon\\functions\\node_modules\\firebase-admin\\lib\\index.js"}} {"metadata":{"emulator":{"name":"functions"},"function":{"name":"us-central1-api"},"message":"[runtime-status] [21596] firebase-admin has been stubbed. {\"adminResolution\":{\"declared\":true,\"installed\":true,\"version\":\"9.4.2\",\"resolution\":\"D:\\\\Amazon Clone\\\\amazon\\\\functions\\\\node_modules\\\\firebase-admin\\\\lib\\\\index.js\"}}"}}
[debug] [2021-11-05T07:41:36.031Z] [runtime-status] [21596] Trigger "us-central1-api" has been found, beginning invocation! {"metadata":{"emulator":{"name":"functions"},"function":{"name":"us-central1-api"},"message":"[runtime-status] [21596] Trigger \"us-central1-api\" has been found, beginning invocation!"}}
[info] i  functions: Beginning execution of "us-central1-api" {"metadata":{"emulator":{"name":"functions"},"function":{"name":"us-central1-api"},"message":"Beginning execution of \"us-central1-api\""}}
[debug] [2021-11-05T07:41:36.033Z] [runtime-status] [21596] triggerDefinition {"httpsTrigger":{},"name":"api","entryPoint":"api","regions":["us-central1"],"region":"us-central1","id":"us-central1-api"} {"metadata":{"emulator":{"name":"functions"},"function":{"name":"us-central1-api"},"message":"[runtime-status] [21596] triggerDefinition {\"httpsTrigger\":{},\"name\":\"api\",\"entryPoint\":\"api\",\"regions\":[\"us-central1\"],\"region\":\"us-central1\",\"id\":\"us-central1-api\"}"}}
[debug] [2021-11-05T07:41:36.033Z] [runtime-status] [21596] Running us-central1-api in mode HTTPS {"metadata":{"emulator":{"name":"functions"},"function":{"name":"us-central1-api"},"message":"[runtime-status] [21596] Running us-central1-api in mode HTTPS"}}
[debug] [2021-11-05T07:41:36.037Z] [runtime-status] [21596] Attempting to listen to socketPath: \\?\pipe\D:\Amazon Clone\amazon\functions\21596 {"metadata":{"emulator":{"name":"functions"},"function":{"name":"us-central1-api"},"message":"[runtime-status] [21596] Attempting to listen to socketPath: \\\\?\\pipe\\D:\\Amazon Clone\\amazon\\functions\\21596"}}
[debug] [2021-11-05T07:41:36.042Z] [functions] Runtime ready! Sending request! {"metadata":{"emulator":{"name":"functions"},"message":"[functions] Runtime ready! Sending request!"}}
[debug] [2021-11-05T07:41:36.043Z] [functions] Got req.url=/clone-6f9a2/us-central1/api, mapping to path=/ {"metadata":{"emulator":{"name":"functions"},"message":"[functions] Got req.url=/clone-6f9a2/us-central1/api, mapping to path=/"}}
[debug] [2021-11-05T07:41:36.055Z] [runtime-status] [21596] Ephemeral server handling GET request {"metadata":{"emulator":{"name":"functions"},"function":{"name":"us-central1-api"},"message":"[runtime-status] [21596] Ephemeral server handling GET request"}}
[debug] [2021-11-05T07:41:36.070Z] [runtime-status] [21596] Ephemeral server survived. {"metadata":{"emulator":{"name":"functions"},"function":{"name":"us-central1-api"},"message":"[runtime-status] [21596] Ephemeral server survived."}}
[info] i  functions: Finished "us-central1-api" in ~1s {"metadata":{"emulator":{"name":"functions"},"function":{"name":"us-central1-api"},"message":"Finished \"us-central1-api\" in ~1s"}}
[debug] [2021-11-05T07:41:36.082Z] [worker-us-central1-api-fa78870e-4c3c-4985-9af4-1d3103e93cab]: IDLE {"metadata":{"emulator":{"name":"functions"},"message":"[worker-us-central1-api-fa78870e-4c3c-4985-9af4-1d3103e93cab]: IDLE"}}
[debug] [2021-11-05T07:41:36.083Z] [work-queue] {"queueLength":0,"workRunningCount":0}
[debug] [2021-11-05T07:41:36.164Z] Functions emulator received unknown request at path /favicon.ico
[debug] [2021-11-05T07:41:38.693Z] [work-queue] {"queueLength":1,"workRunningCount":0}
[debug] [2021-11-05T07:41:38.693Z] [work-queue] {"queueLength":0,"workRunningCount":1}
[debug] [2021-11-05T07:41:38.693Z] Accepted request GET /clone-6f9a2/us-central1/api --> us-central1-api
[debug] [2021-11-05T07:41:38.694Z] [worker-pool] submitWork(triggerId=us-central1-api) {"metadata":{"emulator":{"name":"functions"},"message":"[worker-pool] submitWork(triggerId=us-central1-api)"}}
[debug] [2021-11-05T07:41:38.694Z] [worker-us-central1-api-fa78870e-4c3c-4985-9af4-1d3103e93cab]: Assigning socketPath: \\?\pipe\D:\Amazon Clone\amazon\functions\21596 {"metadata":{"emulator":{"name":"functions"},"message":"[worker-us-central1-api-fa78870e-4c3c-4985-9af4-1d3103e93cab]: Assigning socketPath: \\\\?\\pipe\\D:\\Amazon Clone\\amazon\\functions\\21596"}}
[debug] [2021-11-05T07:41:38.694Z] [worker-us-central1-api-fa78870e-4c3c-4985-9af4-1d3103e93cab]: BUSY {"metadata":{"emulator":{"name":"functions"},"message":"[worker-us-central1-api-fa78870e-4c3c-4985-9af4-1d3103e93cab]: BUSY"}}
[debug] [2021-11-05T07:41:38.695Z] [runtime-status] [21596] Trigger "us-central1-api" has been found, beginning invocation! {"metadata":{"emulator":{"name":"functions"},"function":{"name":"us-central1-api"},"message":"[runtime-status] [21596] Trigger \"us-central1-api\" has been found, beginning invocation!"}}
[info] i  functions: Beginning execution of "us-central1-api" {"metadata":{"emulator":{"name":"functions"},"function":{"name":"us-central1-api"},"message":"Beginning execution of \"us-central1-api\""}}
[debug] [2021-11-05T07:41:38.696Z] [runtime-status] [21596] triggerDefinition {"httpsTrigger":{},"name":"api","entryPoint":"api","regions":["us-central1"],"region":"us-central1","id":"us-central1-api"} {"metadata":{"emulator":{"name":"functions"},"function":{"name":"us-central1-api"},"message":"[runtime-status] [21596] triggerDefinition {\"httpsTrigger\":{},\"name\":\"api\",\"entryPoint\":\"api\",\"regions\":[\"us-central1\"],\"region\":\"us-central1\",\"id\":\"us-central1-api\"}"}}
[debug] [2021-11-05T07:41:38.697Z] [runtime-status] [21596] Running us-central1-api in mode HTTPS {"metadata":{"emulator":{"name":"functions"},"function":{"name":"us-central1-api"},"message":"[runtime-status] [21596] Running us-central1-api in mode HTTPS"}}
[debug] [2021-11-05T07:41:38.698Z] [runtime-status] [21596] Attempting to listen to socketPath: \\?\pipe\D:\Amazon Clone\amazon\functions\21596 {"metadata":{"emulator":{"name":"functions"},"function":{"name":"us-central1-api"},"message":"[runtime-status] [21596] Attempting to listen to socketPath: \\\\?\\pipe\\D:\\Amazon Clone\\amazon\\functions\\21596"}}
[debug] [2021-11-05T07:41:38.699Z] [functions] Runtime ready! Sending request! {"metadata":{"emulator":{"name":"functions"},"message":"[functions] Runtime ready! Sending request!"}}
[debug] [2021-11-05T07:41:38.700Z] [functions] Got req.url=/clone-6f9a2/us-central1/api, mapping to path=/ {"metadata":{"emulator":{"name":"functions"},"message":"[functions] Got req.url=/clone-6f9a2/us-central1/api, mapping to path=/"}}
[debug] [2021-11-05T07:41:38.703Z] [runtime-status] [21596] Ephemeral server handling GET request {"metadata":{"emulator":{"name":"functions"},"function":{"name":"us-central1-api"},"message":"[runtime-status] [21596] Ephemeral server handling GET request"}}
[debug] [2021-11-05T07:41:38.706Z] [runtime-status] [21596] Ephemeral server survived. {"metadata":{"emulator":{"name":"functions"},"function":{"name":"us-central1-api"},"message":"[runtime-status] [21596] Ephemeral server survived."}}
[info] i  functions: Finished "us-central1-api" in ~1s {"metadata":{"emulator":{"name":"functions"},"function":{"name":"us-central1-api"},"message":"Finished \"us-central1-api\" in ~1s"}}
[debug] [2021-11-05T07:41:38.707Z] [worker-us-central1-api-fa78870e-4c3c-4985-9af4-1d3103e93cab]: IDLE {"metadata":{"emulator":{"name":"functions"},"message":"[worker-us-central1-api-fa78870e-4c3c-4985-9af4-1d3103e93cab]: IDLE"}}
[debug] [2021-11-05T07:41:38.708Z] [work-queue] {"queueLength":0,"workRunningCount":0}
[debug] [2021-11-05T07:41:48.874Z] [work-queue] {"queueLength":1,"workRunningCount":0}
[debug] [2021-11-05T07:41:48.874Z] [work-queue] {"queueLength":0,"workRunningCount":1}
[debug] [2021-11-05T07:41:48.874Z] Accepted request GET /clone-6f9a2/us-central1/api --> us-central1-api
[debug] [2021-11-05T07:41:48.874Z] [worker-pool] submitWork(triggerId=us-central1-api) {"metadata":{"emulator":{"name":"functions"},"message":"[worker-pool] submitWork(triggerId=us-central1-api)"}}
[debug] [2021-11-05T07:41:48.874Z] [worker-us-central1-api-fa78870e-4c3c-4985-9af4-1d3103e93cab]: Assigning socketPath: \\?\pipe\D:\Amazon Clone\amazon\functions\21596 {"metadata":{"emulator":{"name":"functions"},"message":"[worker-us-central1-api-fa78870e-4c3c-4985-9af4-1d3103e93cab]: Assigning socketPath: \\\\?\\pipe\\D:\\Amazon Clone\\amazon\\functions\\21596"}}
[debug] [2021-11-05T07:41:48.874Z] [worker-us-central1-api-fa78870e-4c3c-4985-9af4-1d3103e93cab]: BUSY {"metadata":{"emulator":{"name":"functions"},"message":"[worker-us-central1-api-fa78870e-4c3c-4985-9af4-1d3103e93cab]: BUSY"}}
[debug] [2021-11-05T07:41:48.875Z] [runtime-status] [21596] Trigger "us-central1-api" has been found, beginning invocation! {"metadata":{"emulator":{"name":"functions"},"function":{"name":"us-central1-api"},"message":"[runtime-status] [21596] Trigger \"us-central1-api\" has been found, beginning invocation!"}}
[info] i  functions: Beginning execution of "us-central1-api" {"metadata":{"emulator":{"name":"functions"},"function":{"name":"us-central1-api"},"message":"Beginning execution of \"us-central1-api\""}}
[debug] [2021-11-05T07:41:48.876Z] [runtime-status] [21596] triggerDefinition {"httpsTrigger":{},"name":"api","entryPoint":"api","regions":["us-central1"],"region":"us-central1","id":"us-central1-api"} {"metadata":{"emulator":{"name":"functions"},"function":{"name":"us-central1-api"},"message":"[runtime-status] [21596] triggerDefinition {\"httpsTrigger\":{},\"name\":\"api\",\"entryPoint\":\"api\",\"regions\":[\"us-central1\"],\"region\":\"us-central1\",\"id\":\"us-central1-api\"}"}}
[debug] [2021-11-05T07:41:48.877Z] [runtime-status] [21596] Running us-central1-api in mode HTTPS {"metadata":{"emulator":{"name":"functions"},"function":{"name":"us-central1-api"},"message":"[runtime-status] [21596] Running us-central1-api in mode HTTPS"}}
[debug] [2021-11-05T07:41:48.877Z] [runtime-status] [21596] Attempting to listen to socketPath: \\?\pipe\D:\Amazon Clone\amazon\functions\21596 {"metadata":{"emulator":{"name":"functions"},"function":{"name":"us-central1-api"},"message":"[runtime-status] [21596] Attempting to listen to socketPath: \\\\?\\pipe\\D:\\Amazon Clone\\amazon\\functions\\21596"}}
[debug] [2021-11-05T07:41:48.879Z] [functions] Runtime ready! Sending request! {"metadata":{"emulator":{"name":"functions"},"message":"[functions] Runtime ready! Sending request!"}}
[debug] [2021-11-05T07:41:48.879Z] [functions] Got req.url=/clone-6f9a2/us-central1/api, mapping to path=/ {"metadata":{"emulator":{"name":"functions"},"message":"[functions] Got req.url=/clone-6f9a2/us-central1/api, mapping to path=/"}}
[debug] [2021-11-05T07:41:48.883Z] [runtime-status] [21596] Ephemeral server handling GET request {"metadata":{"emulator":{"name":"functions"},"function":{"name":"us-central1-api"},"message":"[runtime-status] [21596] Ephemeral server handling GET request"}}
[debug] [2021-11-05T07:41:48.885Z] [runtime-status] [21596] Ephemeral server survived. {"metadata":{"emulator":{"name":"functions"},"function":{"name":"us-central1-api"},"message":"[runtime-status] [21596] Ephemeral server survived."}}
[info] i  functions: Finished "us-central1-api" in ~1s {"metadata":{"emulator":{"name":"functions"},"function":{"name":"us-central1-api"},"message":"Finished \"us-central1-api\" in ~1s"}}
[debug] [2021-11-05T07:41:48.886Z] [worker-us-central1-api-fa78870e-4c3c-4985-9af4-1d3103e93cab]: IDLE {"metadata":{"emulator":{"name":"functions"},"message":"[worker-us-central1-api-fa78870e-4c3c-4985-9af4-1d3103e93cab]: IDLE"}}
[debug] [2021-11-05T07:41:48.886Z] [work-queue] {"queueLength":0,"workRunningCount":0}
[debug] [2021-11-05T07:51:12.180Z] [work-queue] {"queueLength":1,"workRunningCount":0}
[debug] [2021-11-05T07:51:12.180Z] [work-queue] {"queueLength":0,"workRunningCount":1}
[debug] [2021-11-05T07:51:12.180Z] Accepted request POST /clone-6f9a2/us-central1/api/payments/create?total=100 --> us-central1-api
[debug] [2021-11-05T07:51:12.181Z] [worker-pool] submitWork(triggerId=us-central1-api) {"metadata":{"emulator":{"name":"functions"},"message":"[worker-pool] submitWork(triggerId=us-central1-api)"}}
[debug] [2021-11-05T07:51:12.181Z] [worker-us-central1-api-fa78870e-4c3c-4985-9af4-1d3103e93cab]: Assigning socketPath: \\?\pipe\D:\Amazon Clone\amazon\functions\21596 {"metadata":{"emulator":{"name":"functions"},"message":"[worker-us-central1-api-fa78870e-4c3c-4985-9af4-1d3103e93cab]: Assigning socketPath: \\\\?\\pipe\\D:\\Amazon Clone\\amazon\\functions\\21596"}}
[debug] [2021-11-05T07:51:12.181Z] [worker-us-central1-api-fa78870e-4c3c-4985-9af4-1d3103e93cab]: BUSY {"metadata":{"emulator":{"name":"functions"},"message":"[worker-us-central1-api-fa78870e-4c3c-4985-9af4-1d3103e93cab]: BUSY"}}
[debug] [2021-11-05T07:51:12.183Z] [runtime-status] [21596] Trigger "us-central1-api" has been found, beginning invocation! {"metadata":{"emulator":{"name":"functions"},"function":{"name":"us-central1-api"},"message":"[runtime-status] [21596] Trigger \"us-central1-api\" has been found, beginning invocation!"}}
[info] i  functions: Beginning execution of "us-central1-api" {"metadata":{"emulator":{"name":"functions"},"function":{"name":"us-central1-api"},"message":"Beginning execution of \"us-central1-api\""}}
[debug] [2021-11-05T07:51:12.186Z] [runtime-status] [21596] triggerDefinition {"httpsTrigger":{},"name":"api","entryPoint":"api","regions":["us-central1"],"region":"us-central1","id":"us-central1-api"} {"metadata":{"emulator":{"name":"functions"},"function":{"name":"us-central1-api"},"message":"[runtime-status] [21596] triggerDefinition {\"httpsTrigger\":{},\"name\":\"api\",\"entryPoint\":\"api\",\"regions\":[\"us-central1\"],\"region\":\"us-central1\",\"id\":\"us-central1-api\"}"}}
[debug] [2021-11-05T07:51:12.187Z] [runtime-status] [21596] Running us-central1-api in mode HTTPS {"metadata":{"emulator":{"name":"functions"},"function":{"name":"us-central1-api"},"message":"[runtime-status] [21596] Running us-central1-api in mode HTTPS"}}
[debug] [2021-11-05T07:51:12.188Z] [runtime-status] [21596] Attempting to listen to socketPath: \\?\pipe\D:\Amazon Clone\amazon\functions\21596 {"metadata":{"emulator":{"name":"functions"},"function":{"name":"us-central1-api"},"message":"[runtime-status] [21596] Attempting to listen to socketPath: \\\\?\\pipe\\D:\\Amazon Clone\\amazon\\functions\\21596"}}
[debug] [2021-11-05T07:51:12.190Z] [functions] Runtime ready! Sending request! {"metadata":{"emulator":{"name":"functions"},"message":"[functions] Runtime ready! Sending request!"}}
[debug] [2021-11-05T07:51:12.191Z] [functions] Got req.url=/clone-6f9a2/us-central1/api/payments/create?total=100, mapping to path=/payments/create?total=100 {"metadata":{"emulator":{"name":"functions"},"message":"[functions] Got req.url=/clone-6f9a2/us-central1/api/payments/create?total=100, mapping to path=/payments/create?total=100"}}
[debug] [2021-11-05T07:51:12.200Z] [runtime-status] [21596] Ephemeral server handling POST request {"metadata":{"emulator":{"name":"functions"},"function":{"name":"us-central1-api"},"message":"[runtime-status] [21596] Ephemeral server handling POST request"}}
[info] >  Payment Request Recieved BOOM!!! for this amount >>> 100 {"user":"Payment Request Recieved BOOM!!! for this amount >>> 100","metadata":{"emulator":{"name":"functions"},"function":{"name":"us-central1-api"},"message":"\u001b[90m> \u001b[39m Payment Request Recieved BOOM!!! for this amount >>> 100"}}
[debug] [2021-11-05T07:51:12.217Z] [runtime-status] [21596] Ephemeral server survived. {"metadata":{"emulator":{"name":"functions"},"function":{"name":"us-central1-api"},"message":"[runtime-status] [21596] Ephemeral server survived."}}
[info] >  (node:21596) UnhandledPromiseRejectionWarning: Error: An error occurred with our connection to Stripe. {"user":"(node:21596) UnhandledPromiseRejectionWarning: Error: An error occurred with our connection to Stripe.","metadata":{"emulator":{"name":"functions"},"function":{"name":"us-central1-api"},"message":"\u001b[90m> \u001b[39m (node:21596) UnhandledPromiseRejectionWarning: Error: An error occurred with our connection to Stripe."}}
[info] >      at D:\Amazon Clone\amazon\functions\node_modules\stripe\lib\StripeResource.js:234:9 {"user":"    at D:\\Amazon Clone\\amazon\\functions\\node_modules\\stripe\\lib\\StripeResource.js:234:9","metadata":{"emulator":{"name":"functions"},"function":{"name":"us-central1-api"},"message":"\u001b[90m> \u001b[39m     at D:\\Amazon Clone\\amazon\\functions\\node_modules\\stripe\\lib\\StripeResource.js:234:9"}}
[info] >      at ClientRequest.<anonymous> (D:\Amazon Clone\amazon\functions\node_modules\stripe\lib\StripeResource.js:489:67) {"user":"    at ClientRequest.<anonymous> (D:\\Amazon Clone\\amazon\\functions\\node_modules\\stripe\\lib\\StripeResource.js:489:67)","metadata":{"emulator":{"name":"functions"},"function":{"name":"us-central1-api"},"message":"\u001b[90m> \u001b[39m     at ClientRequest.<anonymous> (D:\\Amazon Clone\\amazon\\functions\\node_modules\\stripe\\lib\\StripeResource.js:489:67)"}}
[info] >      at ClientRequest.emit (events.js:315:20) {"user":"    at ClientRequest.emit (events.js:315:20)","metadata":{"emulator":{"name":"functions"},"function":{"name":"us-central1-api"},"message":"\u001b[90m> \u001b[39m     at ClientRequest.emit (events.js:315:20)"}}
[info] >      at TLSSocket.socketErrorListener (_http_client.js:469:9) {"user":"    at TLSSocket.socketErrorListener (_http_client.js:469:9)","metadata":{"emulator":{"name":"functions"},"function":{"name":"us-central1-api"},"message":"\u001b[90m> \u001b[39m     at TLSSocket.socketErrorListener (_http_client.js:469:9)"}}
[info] >      at TLSSocket.emit (events.js:315:20) {"user":"    at TLSSocket.emit (events.js:315:20)","metadata":{"emulator":{"name":"functions"},"function":{"name":"us-central1-api"},"message":"\u001b[90m> \u001b[39m     at TLSSocket.emit (events.js:315:20)"}}
[info] >      at emitErrorNT (internal/streams/destroy.js:106:8) {"user":"    at emitErrorNT (internal/streams/destroy.js:106:8)","metadata":{"emulator":{"name":"functions"},"function":{"name":"us-central1-api"},"message":"\u001b[90m> \u001b[39m     at emitErrorNT (internal/streams/destroy.js:106:8)"}}
[info] >      at emitErrorCloseNT (internal/streams/destroy.js:74:3) {"user":"    at emitErrorCloseNT (internal/streams/destroy.js:74:3)","metadata":{"emulator":{"name":"functions"},"function":{"name":"us-central1-api"},"message":"\u001b[90m> \u001b[39m     at emitErrorCloseNT (internal/streams/destroy.js:74:3)"}}
[info] >      at processTicksAndRejections (internal/process/task_queues.js:80:21) {"user":"    at processTicksAndRejections (internal/process/task_queues.js:80:21)","metadata":{"emulator":{"name":"functions"},"function":{"name":"us-central1-api"},"message":"\u001b[90m> \u001b[39m     at processTicksAndRejections (internal/process/task_queues.js:80:21)"}}
[info] >  (Use `node --trace-warnings ...` to show where the warning was created) {"user":"(Use `node --trace-warnings ...` to show where the warning was created)","metadata":{"emulator":{"name":"functions"},"function":{"name":"us-central1-api"},"message":"\u001b[90m> \u001b[39m (Use `node --trace-warnings ...` to show where the warning was created)"}}
[info] >  (node:21596) UnhandledPromiseRejectionWarning: Unhandled promise rejection. This error originated either by throwing inside of an async function without a catch block, or by rejecting a promise which was not handled with .catch(). To terminate the node process on unhandled promise rejection, use the CLI flag `--unhandled-rejections=strict` (see https://nodejs.org/api/cli.html#cli_unhandled_rejections_mode). (rejection id: 1) {"user":"(node:21596) UnhandledPromiseRejectionWarning: Unhandled promise rejection. This error originated either by throwing inside of an async function without a catch block, or by rejecting a promise which was not handled with .catch(). To terminate the node process on unhandled promise rejection, use the CLI flag `--unhandled-rejections=strict` (see https://nodejs.org/api/cli.html#cli_unhandled_rejections_mode). (rejection id: 1)","metadata":{"emulator":{"name":"functions"},"function":{"name":"us-central1-api"},"message":"\u001b[90m> \u001b[39m (node:21596) UnhandledPromiseRejectionWarning: Unhandled promise rejection. This error originated either by throwing inside of an async function without a catch block, or by rejecting a promise which was not handled with .catch(). To terminate the node process on unhandled promise rejection, use the CLI flag `--unhandled-rejections=strict` (see https://nodejs.org/api/cli.html#cli_unhandled_rejections_mode). (rejection id: 1)"}}
[info] >  (node:21596) [DEP0018] DeprecationWarning: Unhandled promise rejections are deprecated. In the future, promise rejections that are not handled will terminate the Node.js process with a non-zero exit code. {"user":"(node:21596) [DEP0018] DeprecationWarning: Unhandled promise rejections are deprecated. In the future, promise rejections that are not handled will terminate the Node.js process with a non-zero exit code.","metadata":{"emulator":{"name":"functions"},"function":{"name":"us-central1-api"},"message":"\u001b[90m> \u001b[39m (node:21596) [DEP0018] DeprecationWarning: Unhandled promise rejections are deprecated. In the future, promise rejections that are not handled will terminate the Node.js process with a non-zero exit code."}}
[warn] !  functions: Your function timed out after ~60s. To configure this timeout, see
      https://firebase.google.com/docs/functions/manage-functions#set_timeout_and_memory_allocation. {"metadata":{"emulator":{"name":"functions"},"function":{"name":"us-central1-api"},"message":"Your function timed out after ~60s. To configure this timeout, see\n      https://firebase.google.com/docs/functions/manage-functions#set_timeout_and_memory_allocation."}}
[info] >  C:\Users\RANDY\AppData\Roaming\npm\node_modules\firebase-tools\lib\emulator\functionsEmulatorRuntime.js:679 {"user":"C:\\Users\\RANDY\\AppData\\Roaming\\npm\\node_modules\\firebase-tools\\lib\\emulator\\functionsEmulatorRuntime.js:679\r","metadata":{"emulator":{"name":"functions"},"function":{"name":"us-central1-api"},"message":"\u001b[90m> \u001b[39m C:\\Users\\RANDY\\AppData\\Roaming\\npm\\node_modules\\firebase-tools\\lib\\emulator\\functionsEmulatorRuntime.js:679\r"}}
[info] >              throw new Error("Function timed out."); {"user":"            throw new Error(\"Function timed out.\");\r","metadata":{"emulator":{"name":"functions"},"function":{"name":"us-central1-api"},"message":"\u001b[90m> \u001b[39m             throw new Error(\"Function timed out.\");\r"}}
[info] >              ^ {"user":"            ^\r","metadata":{"emulator":{"name":"functions"},"function":{"name":"us-central1-api"},"message":"\u001b[90m> \u001b[39m             ^\r"}}
[info] >   {"user":"\r","metadata":{"emulator":{"name":"functions"},"function":{"name":"us-central1-api"},"message":"\u001b[90m> \u001b[39m \r"}}
[info] >  Error: Function timed out. {"user":"Error: Function timed out.\r","metadata":{"emulator":{"name":"functions"},"function":{"name":"us-central1-api"},"message":"\u001b[90m> \u001b[39m Error: Function timed out.\r"}}
[info] >      at Timeout._onTimeout (C:\Users\RANDY\AppData\Roaming\npm\node_modules\firebase-tools\lib\emulator\functionsEmulatorRuntime.js:679:19) {"user":"    at Timeout._onTimeout (C:\\Users\\RANDY\\AppData\\Roaming\\npm\\node_modules\\firebase-tools\\lib\\emulator\\functionsEmulatorRuntime.js:679:19)\r","metadata":{"emulator":{"name":"functions"},"function":{"name":"us-central1-api"},"message":"\u001b[90m> \u001b[39m     at Timeout._onTimeout (C:\\Users\\RANDY\\AppData\\Roaming\\npm\\node_modules\\firebase-tools\\lib\\emulator\\functionsEmulatorRuntime.js:679:19)\r"}}
[info] >      at listOnTimeout (internal/timers.js:554:17) {"user":"    at listOnTimeout (internal/timers.js:554:17)\r","metadata":{"emulator":{"name":"functions"},"function":{"name":"us-central1-api"},"message":"\u001b[90m> \u001b[39m     at listOnTimeout (internal/timers.js:554:17)\r"}}
[info] >      at processTimers (internal/timers.js:497:7) {"user":"    at processTimers (internal/timers.js:497:7)\r","metadata":{"emulator":{"name":"functions"},"function":{"name":"us-central1-api"},"message":"\u001b[90m> \u001b[39m     at processTimers (internal/timers.js:497:7)\r"}}
[debug] [2021-11-05T07:52:12.211Z] [worker-us-central1-api-fa78870e-4c3c-4985-9af4-1d3103e93cab]: exited {"metadata":{"emulator":{"name":"functions"},"message":"[worker-us-central1-api-fa78870e-4c3c-4985-9af4-1d3103e93cab]: exited"}}
[debug] [2021-11-05T07:52:12.211Z] [worker-us-central1-api-fa78870e-4c3c-4985-9af4-1d3103e93cab]: FINISHED {"metadata":{"emulator":{"name":"functions"},"message":"[worker-us-central1-api-fa78870e-4c3c-4985-9af4-1d3103e93cab]: FINISHED"}}
[debug] [2021-11-05T07:52:12.212Z] [work-queue] {"queueLength":0,"workRunningCount":0}
